0 info it worked if it ends with ok
1 verbose cli [ 'nodejs', '/usr/bin/npm', 'install', 'handlebars', '-g' ]
2 info using npm@1.2.12
3 info using node@v0.8.21
4 verbose read json /usr/lib/package.json
5 verbose read json /usr/lib/package.json
6 verbose cache add [ 'handlebars', null ]
7 verbose cache add name=undefined spec="handlebars" args=["handlebars",null]
8 verbose parsed url { pathname: 'handlebars',
8 verbose parsed url   path: 'handlebars',
8 verbose parsed url   href: 'handlebars' }
9 silly lockFile 9566e355-handlebars handlebars
10 verbose lock handlebars /home/sangcu/.npm/9566e355-handlebars.lock
11 silly lockFile 9566e355-handlebars handlebars
12 verbose addNamed [ 'handlebars', '' ]
13 verbose addNamed [ null, '' ]
14 silly lockFile 0ab5732f-handlebars handlebars@
15 verbose lock handlebars@ /home/sangcu/.npm/0ab5732f-handlebars.lock
16 silly lockFile 0ab5732f-handlebars handlebars@
17 error Error: EACCES, open '/home/sangcu/.npm/0ab5732f-handlebars.lock'
17 error  { [Error: EACCES, open '/home/sangcu/.npm/0ab5732f-handlebars.lock']
17 error   errno: 3,
17 error   code: 'EACCES',
17 error   path: '/home/sangcu/.npm/0ab5732f-handlebars.lock' }
18 error Please try running this command again as root/Administrator.
19 error System Linux 3.5.0-26-generic
20 error command "nodejs" "/usr/bin/npm" "install" "handlebars" "-g"
21 error cwd /home/sangcu/site
22 error node -v v0.8.21
23 error npm -v 1.2.12
24 error path /home/sangcu/.npm/0ab5732f-handlebars.lock
25 error code EACCES
26 error errno 3
27 error stack Error: EACCES, open '/home/sangcu/.npm/0ab5732f-handlebars.lock'
28 verbose exit [ 3, true ]
